[11:44:3.539] Global cache location '/home/rafael/.cache/typescript/3.7', safe file path '/usr/lib/node_modules/typescript/lib/typingSafeList.json', types map path /usr/lib/node_modules/typescript/lib/typesMap.json
[11:44:3.539] Processing cache location '/home/rafael/.cache/typescript/3.7'
[11:44:3.539] Trying to find '/home/rafael/.cache/typescript/3.7/package.json'...
[11:44:3.540] Loaded content of '/home/rafael/.cache/typescript/3.7/package.json': {"private":true,"dependencies":{"types-registry":"^0.1.476"},"devDependencies":{"@types/bootstrap":"^4.3.1","@types/case-sensitive-paths-webpack-plugin":"^2.1.4","@types/jquery":"^3.3.31","@types/js-yaml":"^3.12.2","@types/mini-css-extract-plugin":"^0.9.0","@types/turbolinks":"^5.2.0","@types/webpack":"^4.41.3","@types/webpack-assets-manifest":"^3.0.0"}}
[11:44:3.540] Loaded content of '/home/rafael/.cache/typescript/3.7/package-lock.json'
[11:44:3.550] Adding entry into typings cache: 'bootstrap' => '/home/rafael/.cache/typescript/3.7/node_modules/@types/bootstrap/index.d.ts'
[11:44:3.554] Adding entry into typings cache: 'case-sensitive-paths-webpack-plugin' => '/home/rafael/.cache/typescript/3.7/node_modules/@types/case-sensitive-paths-webpack-plugin/index.d.ts'
[11:44:3.558] Adding entry into typings cache: 'jquery' => '/home/rafael/.cache/typescript/3.7/node_modules/@types/jquery/index.d.ts'
[11:44:3.561] Adding entry into typings cache: 'js-yaml' => '/home/rafael/.cache/typescript/3.7/node_modules/@types/js-yaml/index.d.ts'
[11:44:3.563] Adding entry into typings cache: 'mini-css-extract-plugin' => '/home/rafael/.cache/typescript/3.7/node_modules/@types/mini-css-extract-plugin/index.d.ts'
[11:44:3.565] Adding entry into typings cache: 'turbolinks' => '/home/rafael/.cache/typescript/3.7/node_modules/@types/turbolinks/index.d.ts'
[11:44:3.570] Adding entry into typings cache: 'webpack' => '/home/rafael/.cache/typescript/3.7/node_modules/@types/webpack/index.d.ts'
[11:44:3.572] Adding entry into typings cache: 'webpack-assets-manifest' => '/home/rafael/.cache/typescript/3.7/node_modules/@types/webpack-assets-manifest/index.d.ts'
[11:44:3.572] Finished processing cache location '/home/rafael/.cache/typescript/3.7'
[11:44:3.573] Process id: 8014
[11:44:3.573] NPM location: /usr/bin/npm (explicit '--npmLocation' not  provided)
[11:44:3.573] validateDefaultNpmLocation: false
[11:44:3.573] Npm config file: /home/rafael/.cache/typescript/3.7/package.json
[11:44:3.573] Updating types-registry npm package...
[11:44:3.573] Exec: /usr/bin/npm install --ignore-scripts types-registry@latest
[11:44:5.604]     Succeeded. stdout:
    + types-registry@0.1.476
    updated 1 package and audited 57 packages in 1.585s

1 package is looking for funding
  run `npm fund` for details

found 0 vulnerabilities


[11:44:5.604] Updated types-registry npm package
[11:44:6.265] Got install request {"projectName":"/dev/null/inferredProject1*","fileNames":["/usr/lib/node_modules/typescript/lib/lib.d.ts","/usr/lib/node_modules/typescript/lib/lib.es5.d.ts","/usr/lib/node_modules/typescript/lib/lib.dom.d.ts","/usr/lib/node_modules/typescript/lib/lib.webworker.importscripts.d.ts","/usr/lib/node_modules/typescript/lib/lib.scripthost.d.ts","/home/rafael/Documents/Tweet-Hunter/config/webpack/environment.js"],"compilerOptions":{"target":1,"jsx":1,"allowNonTsExtensions":true,"allowJs":true,"noEmitForJsFiles":true,"maxNodeModuleJsDepth":2},"typeAcquisition":{"enable":true,"include":[],"exclude":[]},"unresolvedImports":["@rails/webpacker","path-complete-extname","pnp-webpack-plugin"],"projectRootPath":"/home/rafael/Documents/Tweet-Hunter/config/webpack","kind":"discover"}
[11:44:6.284] Loaded safelist from types map file '/usr/lib/node_modules/typescript/lib/typesMap.json'
[11:44:6.285] Explicitly included types: []
[11:44:6.286] Inferred typings from unresolved imports: ["@rails/webpacker","path-complete-extname","pnp-webpack-plugin"]
[11:44:6.286] Result: {"cachedTypingPaths":[],"newTypingNames":["@rails/webpacker","path-complete-extname","pnp-webpack-plugin"],"filesToWatch":["/home/rafael/Documents/Tweet-Hunter/config/webpack/bower_components","/home/rafael/Documents/Tweet-Hunter/config/webpack/node_modules"]}
[11:44:6.286] Finished typings discovery: {"cachedTypingPaths":[],"newTypingNames":["@rails/webpacker","path-complete-extname","pnp-webpack-plugin"],"filesToWatch":["/home/rafael/Documents/Tweet-Hunter/config/webpack/bower_components","/home/rafael/Documents/Tweet-Hunter/config/webpack/node_modules"]}
[11:44:6.287] DirectoryWatcher:: Added:: WatchInfo: /home/rafael/Documents/Tweet-Hunter/config/webpack/bower_components
[11:44:6.288] DirectoryWatcher:: Added:: WatchInfo: /home/rafael/Documents/Tweet-Hunter/config/webpack/node_modules
[11:44:6.288] Installing typings ["@rails/webpacker","path-complete-extname","pnp-webpack-plugin"]
[11:44:6.288] '@rails/webpacker':: Entry for package 'rails__webpacker' does not exist in local types registry - skipping...
[11:44:6.289] 'path-complete-extname':: Entry for package 'path-complete-extname' does not exist in local types registry - skipping...
[11:44:6.289] 'pnp-webpack-plugin':: Entry for package 'pnp-webpack-plugin' does not exist in local types registry - skipping...
[11:44:6.289] All typings are known to be missing or invalid - no need to install more typings
[11:44:6.289] Sending response:
    {"projectName":"/dev/null/inferredProject1*","typeAcquisition":{"enable":true,"include":[],"exclude":[]},"compilerOptions":{"target":1,"jsx":1,"allowNonTsExtensions":true,"allowJs":true,"noEmitForJsFiles":true,"maxNodeModuleJsDepth":2},"typings":[],"unresolvedImports":["@rails/webpacker","path-complete-extname","pnp-webpack-plugin"],"kind":"action::set"}
[11:44:6.289] Response has been sent.
[11:45:6.33] Got install request {"projectName":"/dev/null/inferredProject2*","fileNames":["/usr/lib/node_modules/typescript/lib/lib.d.ts","/usr/lib/node_modules/typescript/lib/lib.es5.d.ts","/usr/lib/node_modules/typescript/lib/lib.dom.d.ts","/usr/lib/node_modules/typescript/lib/lib.webworker.importscripts.d.ts","/usr/lib/node_modules/typescript/lib/lib.scripthost.d.ts","/home/rafael/Documents/Tweet-Hunter/app/javascript/packs/application.js"],"compilerOptions":{"target":1,"jsx":1,"allowNonTsExtensions":true,"allowJs":true,"noEmitForJsFiles":true,"maxNodeModuleJsDepth":2},"typeAcquisition":{"enable":true,"include":[],"exclude":[]},"unresolvedImports":["@rails/activestorage","@rails/ujs","channels"],"projectRootPath":"/home/rafael/Documents/Tweet-Hunter/app/javascript/packs","kind":"discover"}
[11:45:6.33] Explicitly included types: []
[11:45:6.34] Inferred typings from unresolved imports: ["@rails/activestorage","@rails/ujs","channels"]
[11:45:6.34] Result: {"cachedTypingPaths":[],"newTypingNames":["@rails/activestorage","@rails/ujs","channels"],"filesToWatch":["/home/rafael/Documents/Tweet-Hunter/app/javascript/packs/bower_components","/home/rafael/Documents/Tweet-Hunter/app/javascript/packs/node_modules"]}
[11:45:6.34] Finished typings discovery: {"cachedTypingPaths":[],"newTypingNames":["@rails/activestorage","@rails/ujs","channels"],"filesToWatch":["/home/rafael/Documents/Tweet-Hunter/app/javascript/packs/bower_components","/home/rafael/Documents/Tweet-Hunter/app/javascript/packs/node_modules"]}
[11:45:6.34] DirectoryWatcher:: Added:: WatchInfo: /home/rafael/Documents/Tweet-Hunter/app/javascript/packs/bower_components
[11:45:6.34] DirectoryWatcher:: Added:: WatchInfo: /home/rafael/Documents/Tweet-Hunter/app/javascript/packs/node_modules
[11:45:6.34] Installing typings ["@rails/activestorage","@rails/ujs","channels"]
[11:45:6.35] '@rails/activestorage':: Entry for package 'rails__activestorage' does not exist in local types registry - skipping...
[11:45:6.35] '@rails/ujs':: Entry for package 'rails__ujs' does not exist in local types registry - skipping...
[11:45:6.35] 'channels':: Entry for package 'channels' does not exist in local types registry - skipping...
[11:45:6.35] All typings are known to be missing or invalid - no need to install more typings
[11:45:6.35] Sending response:
    {"projectName":"/dev/null/inferredProject2*","typeAcquisition":{"enable":true,"include":[],"exclude":[]},"compilerOptions":{"target":1,"jsx":1,"allowNonTsExtensions":true,"allowJs":true,"noEmitForJsFiles":true,"maxNodeModuleJsDepth":2},"typings":[],"unresolvedImports":["@rails/activestorage","@rails/ujs","channels"],"kind":"action::set"}
[11:45:6.35] Response has been sent.
[11:51:7.754] Got install request {"projectName":"/dev/null/inferredProject3*","fileNames":["/usr/lib/node_modules/typescript/lib/lib.d.ts","/usr/lib/node_modules/typescript/lib/lib.es5.d.ts","/usr/lib/node_modules/typescript/lib/lib.dom.d.ts","/usr/lib/node_modules/typescript/lib/lib.webworker.importscripts.d.ts","/usr/lib/node_modules/typescript/lib/lib.scripthost.d.ts","/home/rafael/Documents/Tweet-Hunter/app/javascript/channels/consumer.js","/home/rafael/Documents/Tweet-Hunter/app/javascript/channels/tweets_channel.js"],"compilerOptions":{"target":1,"jsx":1,"allowNonTsExtensions":true,"allowJs":true,"noEmitForJsFiles":true,"maxNodeModuleJsDepth":2},"typeAcquisition":{"enable":true,"include":[],"exclude":[]},"unresolvedImports":["@rails/actioncable"],"projectRootPath":"/home/rafael/Documents/Tweet-Hunter/app/javascript/channels","kind":"discover"}
[11:51:7.754] Explicitly included types: []
[11:51:7.755] Inferred typings from unresolved imports: ["@rails/actioncable"]
[11:51:7.755] Result: {"cachedTypingPaths":[],"newTypingNames":["@rails/actioncable"],"filesToWatch":["/home/rafael/Documents/Tweet-Hunter/app/javascript/channels/bower_components","/home/rafael/Documents/Tweet-Hunter/app/javascript/channels/node_modules"]}
[11:51:7.755] Finished typings discovery: {"cachedTypingPaths":[],"newTypingNames":["@rails/actioncable"],"filesToWatch":["/home/rafael/Documents/Tweet-Hunter/app/javascript/channels/bower_components","/home/rafael/Documents/Tweet-Hunter/app/javascript/channels/node_modules"]}
[11:51:7.755] DirectoryWatcher:: Added:: WatchInfo: /home/rafael/Documents/Tweet-Hunter/app/javascript/channels/bower_components
[11:51:7.755] DirectoryWatcher:: Added:: WatchInfo: /home/rafael/Documents/Tweet-Hunter/app/javascript/channels/node_modules
[11:51:7.755] Installing typings ["@rails/actioncable"]
[11:51:7.755] '@rails/actioncable':: Entry for package 'rails__actioncable' does not exist in local types registry - skipping...
[11:51:7.755] All typings are known to be missing or invalid - no need to install more typings
[11:51:7.756] Sending response:
    {"projectName":"/dev/null/inferredProject3*","typeAcquisition":{"enable":true,"include":[],"exclude":[]},"compilerOptions":{"target":1,"jsx":1,"allowNonTsExtensions":true,"allowJs":true,"noEmitForJsFiles":true,"maxNodeModuleJsDepth":2},"typings":[],"unresolvedImports":["@rails/actioncable"],"kind":"action::set"}
[11:51:7.756] Response has been sent.
