Info 0    [11:44:3.367] Starting TS Server
Info 1    [11:44:3.367] Version: 3.7.5
Info 2    [11:44:3.367] Arguments: /usr/bin/node /usr/bin/tsserver --logFile /home/rafael/Documents/Tweet-Hunter/.log/tsserver.log --logVerbosity info --cancellationPipeName /tmp/67f58fc13845947351920c82bc6e3d80/tscancellation*
Info 3    [11:44:3.367] Platform: linux NodeVersion: 13 CaseSensitive: true
Info 4    [11:44:3.379] Search path: /home/rafael/Documents/Tweet-Hunter/config/webpack
Info 5    [11:44:3.380] For info: /home/rafael/Documents/Tweet-Hunter/config/webpack/environment.js :: No config files found.
Info 6    [11:44:3.385] Starting updateGraphWorker: Project: /dev/null/inferredProject1*
Info 7    [11:44:6.149] Finishing updateGraphWorker: Project: /dev/null/inferredProject1* Version: 1 structureChanged: true Elapsed: 2764ms
Info 8    [11:44:6.149] Project '/dev/null/inferredProject1*' (Inferred) 
Info 9    [11:44:6.149] 	Files (146)

Info 10   [11:44:6.149] -----------------------------------------------
Info 11   [11:44:6.318] Starting updateGraphWorker: Project: /dev/null/inferredProject1*
Info 12   [11:44:6.425] Finishing updateGraphWorker: Project: /dev/null/inferredProject1* Version: 2 structureChanged: true Elapsed: 107ms
Info 13   [11:44:6.425] Different program with same set of files:: oldProgram.structureIsReused:: 1
Info 14   [11:44:6.569] Structure before ensureProjectForOpenFiles:
Info 15   [11:44:6.569] Structure after ensureProjectForOpenFiles:
Info 16   [11:44:6.569] got projects updated in background, updating diagnostics for /home/rafael/Documents/Tweet-Hunter/config/webpack/environment.js
Err 17    [11:44:13.439] Exception on executing command {"command":"getCodeFixes","seq":19,"type":"request","arguments":{"file":"/home/rafael/Documents/Tweet-Hunter/config/webpack/environment.js","startLine":1,"startOffset":1,"endLine":1,"endOffset":1,"errorCodes":[7016]}}:

    Debug Failure. Invalid cast. The supplied value [object Object] did not pass the test 'isStringLiteral'.

    Error: Debug Failure. Invalid cast. The supplied value [object Object] did not pass the test 'isStringLiteral'.
        at Object.cast (/usr/lib/node_modules/typescript/lib/tsserver.js:1349:25)
        at tryGetImportedPackageName (/usr/lib/node_modules/typescript/lib/tsserver.js:124520:33)
        at Object.getCodeActions (/usr/lib/node_modules/typescript/lib/tsserver.js:124488:35)
        at /usr/lib/node_modules/typescript/lib/tsserver.js:120431:121
        at Object.flatMap (/usr/lib/node_modules/typescript/lib/tsserver.js:468:25)
        at Object.getFixes (/usr/lib/node_modules/typescript/lib/tsserver.js:120431:23)
        at /usr/lib/node_modules/typescript/lib/tsserver.js:131114:35
        at Object.flatMap (/usr/lib/node_modules/typescript/lib/tsserver.js:468:25)
        at Object.getCodeFixesAtPosition (/usr/lib/node_modules/typescript/lib/tsserver.js:131112:23)
        at IOSession.Session.getCodeFixes (/usr/lib/node_modules/typescript/lib/tsserver.js:140767:64)
        at Session.handlers.ts.createMapFromTemplate._a.<computed> (/usr/lib/node_modules/typescript/lib/tsserver.js:139552:61)
        at /usr/lib/node_modules/typescript/lib/tsserver.js:140960:88
        at IOSession.Session.executeWithRequestId (/usr/lib/node_modules/typescript/lib/tsserver.js:140951:28)
        at IOSession.Session.executeCommand (/usr/lib/node_modules/typescript/lib/tsserver.js:140960:33)
        at IOSession.Session.onMessage (/usr/lib/node_modules/typescript/lib/tsserver.js:140983:35)
        at Interface.<anonymous> (/usr/lib/node_modules/typescript/lib/tsserver.js:142298:27)
        at Interface.emit (events.js:321:20)
        at Interface._onLine (readline.js:327:10)
        at Interface._normalWrite (readline.js:472:12)
        at Socket.ondata (readline.js:184:10)
        at Socket.emit (events.js:321:20)
        at addChunk (_stream_readable.js:297:12)
        at readableAddChunk (_stream_readable.js:273:9)
        at Socket.Readable.push (_stream_readable.js:214:10)
        at Pipe.onStreamRead (internal/stream_base_commons.js:186:23)
Info 18   [11:44:13.958] Starting updateGraphWorker: Project: /dev/null/inferredProject1*
Info 19   [11:44:14.20] Finishing updateGraphWorker: Project: /dev/null/inferredProject1* Version: 3 structureChanged: true Elapsed: 62ms
Info 20   [11:44:14.20] Different program with same set of files:: oldProgram.structureIsReused:: 1
Info 21   [11:44:14.907] Starting updateGraphWorker: Project: /dev/null/inferredProject1*
Info 22   [11:44:14.970] Finishing updateGraphWorker: Project: /dev/null/inferredProject1* Version: 4 structureChanged: true Elapsed: 63ms
Info 23   [11:44:14.970] Different program with same set of files:: oldProgram.structureIsReused:: 1
Info 24   [11:44:26.757] Starting updateGraphWorker: Project: /dev/null/inferredProject1*
Info 25   [11:44:26.792] Finishing updateGraphWorker: Project: /dev/null/inferredProject1* Version: 5 structureChanged: false Elapsed: 35ms
Info 26   [11:44:26.792] Different program with same set of files:: oldProgram.structureIsReused:: 2
Info 27   [11:44:28.730] Starting updateGraphWorker: Project: /dev/null/inferredProject1*
Info 28   [11:44:28.763] Finishing updateGraphWorker: Project: /dev/null/inferredProject1* Version: 6 structureChanged: false Elapsed: 33ms
Info 29   [11:44:28.763] Different program with same set of files:: oldProgram.structureIsReused:: 2
Info 30   [11:44:31.482] Starting updateGraphWorker: Project: /dev/null/inferredProject1*
Info 31   [11:44:31.515] Finishing updateGraphWorker: Project: /dev/null/inferredProject1* Version: 7 structureChanged: false Elapsed: 33ms
Info 32   [11:44:31.515] Different program with same set of files:: oldProgram.structureIsReused:: 2
Info 33   [11:45:5.370] Search path: /home/rafael/Documents/Tweet-Hunter/app/javascript/packs
Info 34   [11:45:5.371] For info: /home/rafael/Documents/Tweet-Hunter/app/javascript/packs/application.js :: No config files found.
Info 35   [11:45:5.375] Starting updateGraphWorker: Project: /dev/null/inferredProject2*
Info 36   [11:45:5.931] Finishing updateGraphWorker: Project: /dev/null/inferredProject2* Version: 1 structureChanged: true Elapsed: 556ms
Info 37   [11:45:5.931] Project '/dev/null/inferredProject2*' (Inferred) 
Info 38   [11:45:5.931] 	Files (140)

Info 39   [11:45:5.931] -----------------------------------------------
Info 40   [11:45:6.53] Starting updateGraphWorker: Project: /dev/null/inferredProject2*
Info 41   [11:45:6.124] Finishing updateGraphWorker: Project: /dev/null/inferredProject2* Version: 2 structureChanged: true Elapsed: 71ms
Info 42   [11:45:6.124] Different program with same set of files:: oldProgram.structureIsReused:: 1
Info 43   [11:45:6.287] Structure before ensureProjectForOpenFiles:
Info 44   [11:45:6.287] Structure after ensureProjectForOpenFiles:
Info 45   [11:45:6.287] got projects updated in background, updating diagnostics for /home/rafael/Documents/Tweet-Hunter/config/webpack/environment.js,/home/rafael/Documents/Tweet-Hunter/app/javascript/packs/application.js
Info 46   [11:45:17.390] Starting updateGraphWorker: Project: /dev/null/inferredProject2*
Info 47   [11:45:17.425] Finishing updateGraphWorker: Project: /dev/null/inferredProject2* Version: 3 structureChanged: false Elapsed: 35ms
Info 48   [11:45:17.425] Different program with same set of files:: oldProgram.structureIsReused:: 2
Info 49   [11:45:20.184] Starting updateGraphWorker: Project: /dev/null/inferredProject2*
Info 50   [11:45:20.228] Finishing updateGraphWorker: Project: /dev/null/inferredProject2* Version: 4 structureChanged: false Elapsed: 44ms
Info 51   [11:45:20.228] Different program with same set of files:: oldProgram.structureIsReused:: 2
Info 52   [11:51:7.488] Search path: /home/rafael/Documents/Tweet-Hunter/app/javascript/channels
Info 53   [11:51:7.488] For info: /home/rafael/Documents/Tweet-Hunter/app/javascript/channels/tweets_channel.js :: No config files found.
Info 54   [11:51:7.492] Starting updateGraphWorker: Project: /dev/null/inferredProject3*
Info 55   [11:51:7.644] Finishing updateGraphWorker: Project: /dev/null/inferredProject3* Version: 1 structureChanged: true Elapsed: 152ms
Info 56   [11:51:7.644] Project '/dev/null/inferredProject3*' (Inferred) 
Info 57   [11:51:7.644] 	Files (131)

Info 58   [11:51:7.644] -----------------------------------------------
Info 59   [11:51:7.757] Starting updateGraphWorker: Project: /dev/null/inferredProject3*
Info 60   [11:51:7.820] Finishing updateGraphWorker: Project: /dev/null/inferredProject3* Version: 2 structureChanged: true Elapsed: 63ms
Info 61   [11:51:7.820] Different program with same set of files:: oldProgram.structureIsReused:: 1
Info 62   [11:51:8.7] Structure before ensureProjectForOpenFiles:
Info 63   [11:51:8.7] Structure after ensureProjectForOpenFiles:
Info 64   [11:51:8.8] got projects updated in background, updating diagnostics for /home/rafael/Documents/Tweet-Hunter/config/webpack/environment.js,/home/rafael/Documents/Tweet-Hunter/app/javascript/packs/application.js,/home/rafael/Documents/Tweet-Hunter/app/javascript/channels/tweets_channel.js
Info 65   [11:51:10.149] DirectoryWatcher:: Triggered with /home/rafael/Documents/Tweet-Hunter/app/javascript/channels/.#tweets_channel.js :: WatchInfo: /home/rafael/Documents/Tweet-Hunter/app/javascript/channels 0 Project: /dev/null/inferredProject3* WatchType: Failed Lookup Locations
Info 66   [11:51:10.149] Elapsed:: 0ms DirectoryWatcher:: Triggered with /home/rafael/Documents/Tweet-Hunter/app/javascript/channels/.#tweets_channel.js :: WatchInfo: /home/rafael/Documents/Tweet-Hunter/app/javascript/channels 0 Project: /dev/null/inferredProject3* WatchType: Failed Lookup Locations
Info 67   [11:51:10.155] Starting updateGraphWorker: Project: /dev/null/inferredProject3*
Info 68   [11:51:10.193] Finishing updateGraphWorker: Project: /dev/null/inferredProject3* Version: 3 structureChanged: false Elapsed: 38ms
Info 69   [11:51:10.193] Different program with same set of files:: oldProgram.structureIsReused:: 2
Info 70   [11:51:11.129] DirectoryWatcher:: Triggered with /home/rafael/Documents/Tweet-Hunter/app/javascript/channels/.#tweets_channel.js :: WatchInfo: /home/rafael/Documents/Tweet-Hunter/app/javascript/channels 0 Project: /dev/null/inferredProject3* WatchType: Failed Lookup Locations
Info 71   [11:51:11.130] Elapsed:: 1ms DirectoryWatcher:: Triggered with /home/rafael/Documents/Tweet-Hunter/app/javascript/channels/.#tweets_channel.js :: WatchInfo: /home/rafael/Documents/Tweet-Hunter/app/javascript/channels 0 Project: /dev/null/inferredProject3* WatchType: Failed Lookup Locations
Info 72   [11:51:11.330] Starting updateGraphWorker: Project: /dev/null/inferredProject3*
Info 73   [11:51:11.362] Finishing updateGraphWorker: Project: /dev/null/inferredProject3* Version: 4 structureChanged: false Elapsed: 31ms
Info 74   [11:51:11.362] Different program with same set of files:: oldProgram.structureIsReused:: 2
Info 75   [11:51:11.572] DirectoryWatcher:: Triggered with /home/rafael/Documents/Tweet-Hunter/app/javascript/channels/.#tweets_channel.js :: WatchInfo: /home/rafael/Documents/Tweet-Hunter/app/javascript/channels 0 Project: /dev/null/inferredProject3* WatchType: Failed Lookup Locations
Info 76   [11:51:11.572] Elapsed:: 0ms DirectoryWatcher:: Triggered with /home/rafael/Documents/Tweet-Hunter/app/javascript/channels/.#tweets_channel.js :: WatchInfo: /home/rafael/Documents/Tweet-Hunter/app/javascript/channels 0 Project: /dev/null/inferredProject3* WatchType: Failed Lookup Locations
Info 77   [11:51:11.778] Starting updateGraphWorker: Project: /dev/null/inferredProject3*
Info 78   [11:51:11.807] Finishing updateGraphWorker: Project: /dev/null/inferredProject3* Version: 5 structureChanged: false Elapsed: 29ms
Info 79   [11:51:11.807] Different program with same set of files:: oldProgram.structureIsReused:: 2
Info 80   [11:51:22.411] Starting updateGraphWorker: Project: /dev/null/inferredProject3*
Info 81   [11:51:22.439] Finishing updateGraphWorker: Project: /dev/null/inferredProject3* Version: 6 structureChanged: false Elapsed: 28ms
Info 82   [11:51:22.439] Different program with same set of files:: oldProgram.structureIsReused:: 2
Info 83   [11:51:31.581] DirectoryWatcher:: Triggered with /home/rafael/Documents/Tweet-Hunter/app/javascript/channels/#tweets_channel.js# :: WatchInfo: /home/rafael/Documents/Tweet-Hunter/app/javascript/channels 0 Project: /dev/null/inferredProject3* WatchType: Failed Lookup Locations
Info 84   [11:51:31.581] Elapsed:: 0ms DirectoryWatcher:: Triggered with /home/rafael/Documents/Tweet-Hunter/app/javascript/channels/#tweets_channel.js# :: WatchInfo: /home/rafael/Documents/Tweet-Hunter/app/javascript/channels 0 Project: /dev/null/inferredProject3* WatchType: Failed Lookup Locations
Info 85   [11:51:34.641] Starting updateGraphWorker: Project: /dev/null/inferredProject3*
Info 86   [11:51:34.670] Finishing updateGraphWorker: Project: /dev/null/inferredProject3* Version: 7 structureChanged: false Elapsed: 29ms
Info 87   [11:51:34.670] Different program with same set of files:: oldProgram.structureIsReused:: 2
Info 88   [11:51:35.611] Starting updateGraphWorker: Project: /dev/null/inferredProject3*
Info 89   [11:51:35.640] Finishing updateGraphWorker: Project: /dev/null/inferredProject3* Version: 8 structureChanged: false Elapsed: 29ms
Info 90   [11:51:35.640] Different program with same set of files:: oldProgram.structureIsReused:: 2
Info 91   [11:51:36.401] Starting updateGraphWorker: Project: /dev/null/inferredProject3*
Info 92   [11:51:36.428] Finishing updateGraphWorker: Project: /dev/null/inferredProject3* Version: 9 structureChanged: false Elapsed: 27ms
Info 93   [11:51:36.428] Different program with same set of files:: oldProgram.structureIsReused:: 2
Info 94   [11:51:37.596] Starting updateGraphWorker: Project: /dev/null/inferredProject3*
Info 95   [11:51:37.625] Finishing updateGraphWorker: Project: /dev/null/inferredProject3* Version: 10 structureChanged: false Elapsed: 29ms
Info 96   [11:51:37.625] Different program with same set of files:: oldProgram.structureIsReused:: 2
Info 97   [11:51:38.221] DirectoryWatcher:: Triggered with /home/rafael/Documents/Tweet-Hunter/app/javascript/channels/tweets_channel.js :: WatchInfo: /home/rafael/Documents/Tweet-Hunter/app/javascript/channels 0 Project: /dev/null/inferredProject3* WatchType: Failed Lookup Locations
Info 98   [11:51:38.221] Elapsed:: 0ms DirectoryWatcher:: Triggered with /home/rafael/Documents/Tweet-Hunter/app/javascript/channels/tweets_channel.js :: WatchInfo: /home/rafael/Documents/Tweet-Hunter/app/javascript/channels 0 Project: /dev/null/inferredProject3* WatchType: Failed Lookup Locations
Info 99   [11:51:38.221] DirectoryWatcher:: Triggered with /home/rafael/Documents/Tweet-Hunter/app/javascript/channels/tweets_channel.js~ :: WatchInfo: /home/rafael/Documents/Tweet-Hunter/app/javascript/channels 0 Project: /dev/null/inferredProject3* WatchType: Failed Lookup Locations
Info 100  [11:51:38.221] Elapsed:: 0ms DirectoryWatcher:: Triggered with /home/rafael/Documents/Tweet-Hunter/app/javascript/channels/tweets_channel.js~ :: WatchInfo: /home/rafael/Documents/Tweet-Hunter/app/javascript/channels 0 Project: /dev/null/inferredProject3* WatchType: Failed Lookup Locations
Info 101  [11:51:38.221] DirectoryWatcher:: Triggered with /home/rafael/Documents/Tweet-Hunter/app/javascript/channels/tweets_channel.js :: WatchInfo: /home/rafael/Documents/Tweet-Hunter/app/javascript/channels 0 Project: /dev/null/inferredProject3* WatchType: Failed Lookup Locations
Info 102  [11:51:38.221] Elapsed:: 0ms DirectoryWatcher:: Triggered with /home/rafael/Documents/Tweet-Hunter/app/javascript/channels/tweets_channel.js :: WatchInfo: /home/rafael/Documents/Tweet-Hunter/app/javascript/channels 0 Project: /dev/null/inferredProject3* WatchType: Failed Lookup Locations
Info 103  [11:51:38.225] DirectoryWatcher:: Triggered with /home/rafael/Documents/Tweet-Hunter/app/javascript/channels/.#tweets_channel.js :: WatchInfo: /home/rafael/Documents/Tweet-Hunter/app/javascript/channels 0 Project: /dev/null/inferredProject3* WatchType: Failed Lookup Locations
Info 104  [11:51:38.225] Elapsed:: 0ms DirectoryWatcher:: Triggered with /home/rafael/Documents/Tweet-Hunter/app/javascript/channels/.#tweets_channel.js :: WatchInfo: /home/rafael/Documents/Tweet-Hunter/app/javascript/channels 0 Project: /dev/null/inferredProject3* WatchType: Failed Lookup Locations
Info 105  [11:51:38.225] DirectoryWatcher:: Triggered with /home/rafael/Documents/Tweet-Hunter/app/javascript/channels/#tweets_channel.js# :: WatchInfo: /home/rafael/Documents/Tweet-Hunter/app/javascript/channels 0 Project: /dev/null/inferredProject3* WatchType: Failed Lookup Locations
Info 106  [11:51:38.225] Elapsed:: 0ms DirectoryWatcher:: Triggered with /home/rafael/Documents/Tweet-Hunter/app/javascript/channels/#tweets_channel.js# :: WatchInfo: /home/rafael/Documents/Tweet-Hunter/app/javascript/channels 0 Project: /dev/null/inferredProject3* WatchType: Failed Lookup Locations
Info 107  [11:56:23.303] Starting updateGraphWorker: Project: /dev/null/inferredProject2*
Info 108  [11:56:23.359] Finishing updateGraphWorker: Project: /dev/null/inferredProject2* Version: 5 structureChanged: false Elapsed: 56ms
Info 109  [11:56:23.359] Different program with same set of files:: oldProgram.structureIsReused:: 2
Info 110  [11:56:39.39] Starting updateGraphWorker: Project: /dev/null/inferredProject2*
Info 111  [11:56:39.82] Finishing updateGraphWorker: Project: /dev/null/inferredProject2* Version: 6 structureChanged: false Elapsed: 43ms
Info 112  [11:56:39.82] Different program with same set of files:: oldProgram.structureIsReused:: 2
Info 113  [11:56:39.622] Starting updateGraphWorker: Project: /dev/null/inferredProject2*
Info 114  [11:56:39.659] Finishing updateGraphWorker: Project: /dev/null/inferredProject2* Version: 7 structureChanged: false Elapsed: 37ms
Info 115  [11:56:39.659] Different program with same set of files:: oldProgram.structureIsReused:: 2
Info 116  [11:56:40.841] Starting updateGraphWorker: Project: /dev/null/inferredProject2*
Info 117  [11:56:40.876] Finishing updateGraphWorker: Project: /dev/null/inferredProject2* Version: 8 structureChanged: false Elapsed: 35ms
Info 118  [11:56:40.877] Different program with same set of files:: oldProgram.structureIsReused:: 2
